<?xml version="1.0" encoding="UTF-8"?>
<!-- Generated by org.testng.reporters.JUnitReportReporter -->
<testsuite skipped="0" hostname="DESKTOP-705GI6Q" name="abcd.demo" tests="1" failures="0" timestamp="16 Aug 2019 12:27:31 GMT" time="21.503" errors="0">
  <testcase name="test1" time="21.503" classname="abcd.demo"/>
</testsuite> <!-- abcd.demo -->
